<?xml version="1.0" encoding="UTF-8"?>
<coverage generated="1781205295244" clover="3.2.0">
  <project timestamp="1781205295244" name="All files">
    <metrics statements="44" coveredstatements="44" conditionals="52" coveredconditionals="51" methods="10" coveredmethods="10" elements="106" coveredelements="105" complexity="0" loc="44" ncloc="44" packages="1" files="3" classes="3"/>
    <file name="checkin.js" path="/home/user/mt-checkin-bot/lib/checkin.js">
      <metrics statements="8" coveredstatements="8" conditionals="7" coveredconditionals="7" methods="1" coveredmethods="1"/>
      <line num="2" count="1" type="stmt"/>
      <line num="13" count="14" type="stmt"/>
      <line num="14" count="17" type="cond" truecount="2" falsecount="0"/>
      <line num="15" count="16" type="stmt"/>
      <line num="16" count="16" type="cond" truecount="5" falsecount="0"/>
      <line num="19" count="6" type="stmt"/>
      <line num="22" count="8" type="stmt"/>
      <line num="25" count="1" type="stmt"/>
    </file>
    <file name="jobs.js" path="/home/user/mt-checkin-bot/lib/jobs.js">
      <metrics statements="11" coveredstatements="11" conditionals="24" coveredconditionals="23" methods="1" coveredmethods="1"/>
      <line num="2" count="1" type="stmt"/>
      <line num="11" count="13" type="stmt"/>
      <line num="12" count="13" type="stmt"/>
      <line num="13" count="16" type="cond" truecount="2" falsecount="0"/>
      <line num="15" count="14" type="cond" truecount="2" falsecount="0"/>
      <line num="16" count="14" type="cond" truecount="2" falsecount="0"/>
      <line num="18" count="14" type="cond" truecount="4" falsecount="0"/>
      <line num="19" count="12" type="cond" truecount="4" falsecount="0"/>
      <line num="21" count="9" type="stmt"/>
      <line num="32" count="13" type="stmt"/>
      <line num="35" count="1" type="stmt"/>
    </file>
    <file name="utils.js" path="/home/user/mt-checkin-bot/lib/utils.js">
      <metrics statements="25" coveredstatements="25" conditionals="21" coveredconditionals="21" methods="8" coveredmethods="8"/>
      <line num="5" count="54" type="stmt"/>
      <line num="6" count="54" type="stmt"/>
      <line num="11" count="17" type="stmt"/>
      <line num="12" count="34" type="stmt"/>
      <line num="13" count="17" type="stmt"/>
      <line num="18" count="54" type="cond" truecount="5" falsecount="0"/>
      <line num="19" count="51" type="cond" truecount="2" falsecount="0"/>
      <line num="20" count="37" type="stmt"/>
      <line num="23" count="14" type="stmt"/>
      <line num="24" count="14" type="cond" truecount="2" falsecount="0"/>
      <line num="25" count="12" type="stmt"/>
      <line num="26" count="12" type="cond" truecount="2" falsecount="0"/>
      <line num="27" count="12" type="stmt"/>
      <line num="29" count="2" type="stmt"/>
      <line num="34" count="3" type="stmt"/>
      <line num="40" count="2" type="stmt"/>
      <line num="41" count="10" type="stmt"/>
      <line num="42" count="2" type="stmt"/>
      <line num="53" count="9" type="cond" truecount="2" falsecount="0"/>
      <line num="54" count="8" type="stmt"/>
      <line num="55" count="8" type="cond" truecount="2" falsecount="0"/>
      <line num="56" count="5" type="stmt"/>
      <line num="57" count="5" type="cond" truecount="6" falsecount="0"/>
      <line num="58" count="3" type="stmt"/>
      <line num="61" count="3" type="stmt"/>
    </file>
  </project>
</coverage>
