{"/home/user/mt-checkin-bot/lib/checkin.js": {"path":"/home/user/mt-checkin-bot/lib/checkin.js","statementMap":{"0":{"start":{"line":2,"column":26},"end":{"line":2,"column":44}},"1":{"start":{"line":13,"column":2},"end":{"line":21,"column":3}},"2":{"start":{"line":14,"column":4},"end":{"line":14,"column":24}},"3":{"start":{"line":14,"column":15},"end":{"line":14,"column":24}},"4":{"start":{"line":15,"column":18},"end":{"line":15,"column":37}},"5":{"start":{"line":16,"column":4},"end":{"line":20,"column":5}},"6":{"start":{"line":19,"column":6},"end":{"line":19,"column":18}},"7":{"start":{"line":22,"column":2},"end":{"line":22,"column":15}},"8":{"start":{"line":25,"column":0},"end":{"line":25,"column":36}}},"fnMap":{"0":{"name":"checkDuplicate","decl":{"start":{"line":12,"column":9},"end":{"line":12,"column":23}},"loc":{"start":{"line":12,"column":59},"end":{"line":23,"column":1}},"line":12}},"branchMap":{"0":{"loc":{"start":{"line":14,"column":4},"end":{"line":14,"column":24}},"type":"if","locations":[{"start":{"line":14,"column":4},"end":{"line":14,"column":24}},{"start":{},"end":{}}],"line":14},"1":{"loc":{"start":{"line":16,"column":4},"end":{"line":20,"column":5}},"type":"if","locations":[{"start":{"line":16,"column":4},"end":{"line":20,"column":5}},{"start":{},"end":{}}],"line":16},"2":{"loc":{"start":{"line":16,"column":8},"end":{"line":18,"column":27}},"type":"binary-expr","locations":[{"start":{"line":16,"column":8},"end":{"line":16,"column":26}},{"start":{"line":17,"column":8},"end":{"line":17,"column":38}},{"start":{"line":18,"column":8},"end":{"line":18,"column":27}}],"line":16}},"s":{"0":1,"1":14,"2":17,"3":1,"4":16,"5":16,"6":6,"7":8,"8":1},"f":{"0":14},"b":{"0":[1,16],"1":[6,10],"2":[16,11,8]},"_coverageSchema":"1a1c01bbd47fc00a2c39e90264f33305004495a9","hash":"103e6423112533beefca48174bfd9f1b97567fb2"}
,"/home/user/mt-checkin-bot/lib/jobs.js": {"path":"/home/user/mt-checkin-bot/lib/jobs.js","statementMap":{"0":{"start":{"line":2,"column":47},"end":{"line":2,"column":65}},"1":{"start":{"line":11,"column":15},"end":{"line":11,"column":17}},"2":{"start":{"line":12,"column":2},"end":{"line":31,"column":3}},"3":{"start":{"line":13,"column":4},"end":{"line":13,"column":38}},"4":{"start":{"line":13,"column":29},"end":{"line":13,"column":38}},"5":{"start":{"line":15,"column":21},"end":{"line":15,"column":58}},"6":{"start":{"line":16,"column":21},"end":{"line":16,"column":60}},"7":{"start":{"line":18,"column":4},"end":{"line":18,"column":50}},"8":{"start":{"line":18,"column":41},"end":{"line":18,"column":50}},"9":{"start":{"line":19,"column":4},"end":{"line":19,"column":50}},"10":{"start":{"line":19,"column":41},"end":{"line":19,"column":50}},"11":{"start":{"line":21,"column":4},"end":{"line":30,"column":7}},"12":{"start":{"line":32,"column":2},"end":{"line":32,"column":14}},"13":{"start":{"line":35,"column":0},"end":{"line":35,"column":38}}},"fnMap":{"0":{"name":"filterActiveJobs","decl":{"start":{"line":10,"column":9},"end":{"line":10,"column":25}},"loc":{"start":{"line":10,"column":42},"end":{"line":33,"column":1}},"line":10}},"branchMap":{"0":{"loc":{"start":{"line":13,"column":4},"end":{"line":13,"column":38}},"type":"if","locations":[{"start":{"line":13,"column":4},"end":{"line":13,"column":38}},{"start":{},"end":{}}],"line":13},"1":{"loc":{"start":{"line":15,"column":21},"end":{"line":15,"column":58}},"type":"cond-expr","locations":[{"start":{"line":15,"column":30},"end":{"line":15,"column":51}},{"start":{"line":15,"column":54},"end":{"line":15,"column":58}}],"line":15},"2":{"loc":{"start":{"line":16,"column":21},"end":{"line":16,"column":60}},"type":"cond-expr","locations":[{"start":{"line":16,"column":30},"end":{"line":16,"column":51}},{"start":{"line":16,"column":56},"end":{"line":16,"column":60}}],"line":16},"3":{"loc":{"start":{"line":18,"column":4},"end":{"line":18,"column":50}},"type":"if","locations":[{"start":{"line":18,"column":4},"end":{"line":18,"column":50}},{"start":{},"end":{}}],"line":18},"4":{"loc":{"start":{"line":18,"column":8},"end":{"line":18,"column":39}},"type":"binary-expr","locations":[{"start":{"line":18,"column":8},"end":{"line":18,"column":16}},{"start":{"line":18,"column":20},"end":{"line":18,"column":39}}],"line":18},"5":{"loc":{"start":{"line":19,"column":4},"end":{"line":19,"column":50}},"type":"if","locations":[{"start":{"line":19,"column":4},"end":{"line":19,"column":50}},{"start":{},"end":{}}],"line":19},"6":{"loc":{"start":{"line":19,"column":8},"end":{"line":19,"column":37}},"type":"binary-expr","locations":[{"start":{"line":19,"column":8},"end":{"line":19,"column":14}},{"start":{"line":19,"column":20},"end":{"line":19,"column":37}}],"line":19},"7":{"loc":{"start":{"line":27,"column":17},"end":{"line":27,"column":106}},"type":"cond-expr","locations":[{"start":{"line":27,"column":27},"end":{"line":27,"column":100}},{"start":{"line":27,"column":104},"end":{"line":27,"column":106}}],"line":27},"8":{"loc":{"start":{"line":27,"column":27},"end":{"line":27,"column":100}},"type":"cond-expr","locations":[{"start":{"line":27,"column":56},"end":{"line":27,"column":83}},{"start":{"line":27,"column":86},"end":{"line":27,"column":100}}],"line":27},"9":{"loc":{"start":{"line":28,"column":17},"end":{"line":28,"column":106}},"type":"cond-expr","locations":[{"start":{"line":28,"column":27},"end":{"line":28,"column":100}},{"start":{"line":28,"column":104},"end":{"line":28,"column":106}}],"line":28},"10":{"loc":{"start":{"line":28,"column":27},"end":{"line":28,"column":100}},"type":"cond-expr","locations":[{"start":{"line":28,"column":56},"end":{"line":28,"column":83}},{"start":{"line":28,"column":86},"end":{"line":28,"column":100}}],"line":28},"11":{"loc":{"start":{"line":29,"column":17},"end":{"line":29,"column":29}},"type":"binary-expr","locations":[{"start":{"line":29,"column":17},"end":{"line":29,"column":23}},{"start":{"line":29,"column":27},"end":{"line":29,"column":29}}],"line":29}},"s":{"0":1,"1":13,"2":13,"3":16,"4":2,"5":14,"6":14,"7":14,"8":2,"9":12,"10":3,"11":9,"12":13,"13":1},"f":{"0":13},"b":{"0":[2,14],"1":[13,1],"2":[13,1],"3":[2,12],"4":[14,13],"5":[3,9],"6":[12,11],"7":[8,1],"8":[7,1],"9":[8,1],"10":[7,1],"11":[9,0]},"_coverageSchema":"1a1c01bbd47fc00a2c39e90264f33305004495a9","hash":"1bf193b95f05c88684a1b1bd2a09ea6f554fb0de"}
,"/home/user/mt-checkin-bot/lib/utils.js": {"path":"/home/user/mt-checkin-bot/lib/utils.js","statementMap":{"0":{"start":{"line":5,"column":13},"end":{"line":5,"column":54}},"1":{"start":{"line":6,"column":2},"end":{"line":6,"column":22}},"2":{"start":{"line":11,"column":12},"end":{"line":11,"column":32}},"3":{"start":{"line":12,"column":14},"end":{"line":12,"column":45}},"4":{"start":{"line":12,"column":19},"end":{"line":12,"column":45}},"5":{"start":{"line":13,"column":2},"end":{"line":13,"column":84}},"6":{"start":{"line":18,"column":2},"end":{"line":18,"column":67}},"7":{"start":{"line":18,"column":55},"end":{"line":18,"column":67}},"8":{"start":{"line":19,"column":2},"end":{"line":21,"column":3}},"9":{"start":{"line":20,"column":4},"end":{"line":20,"column":56}},"10":{"start":{"line":23,"column":12},"end":{"line":23,"column":63}},"11":{"start":{"line":24,"column":2},"end":{"line":28,"column":3}},"12":{"start":{"line":25,"column":12},"end":{"line":25,"column":26}},"13":{"start":{"line":26,"column":4},"end":{"line":26,"column":27}},"14":{"start":{"line":26,"column":18},"end":{"line":26,"column":27}},"15":{"start":{"line":27,"column":4},"end":{"line":27,"column":68}},"16":{"start":{"line":29,"column":2},"end":{"line":29,"column":14}},"17":{"start":{"line":34,"column":2},"end":{"line":34,"column":75}},"18":{"start":{"line":40,"column":12},"end":{"line":40,"column":50}},"19":{"start":{"line":41,"column":14},"end":{"line":41,"column":45}},"20":{"start":{"line":41,"column":19},"end":{"line":41,"column":45}},"21":{"start":{"line":42,"column":2},"end":{"line":48,"column":43}},"22":{"start":{"line":53,"column":2},"end":{"line":53,"column":43}},"23":{"start":{"line":53,"column":31},"end":{"line":53,"column":43}},"24":{"start":{"line":54,"column":12},"end":{"line":54,"column":63}},"25":{"start":{"line":55,"column":2},"end":{"line":55,"column":22}},"26":{"start":{"line":55,"column":10},"end":{"line":55,"column":22}},"27":{"start":{"line":56,"column":12},"end":{"line":56,"column":26}},"28":{"start":{"line":56,"column":33},"end":{"line":56,"column":47}},"29":{"start":{"line":57,"column":2},"end":{"line":57,"column":56}},"30":{"start":{"line":57,"column":44},"end":{"line":57,"column":56}},"31":{"start":{"line":58,"column":2},"end":{"line":58,"column":14}},"32":{"start":{"line":61,"column":0},"end":{"line":61,"column":114}}},"fnMap":{"0":{"name":"serialToDate","decl":{"start":{"line":4,"column":9},"end":{"line":4,"column":21}},"loc":{"start":{"line":4,"column":30},"end":{"line":7,"column":1}},"line":4},"1":{"name":"serialToDisplayDate","decl":{"start":{"line":10,"column":9},"end":{"line":10,"column":28}},"loc":{"start":{"line":10,"column":37},"end":{"line":14,"column":1}},"line":10},"2":{"name":"(anonymous_2)","decl":{"start":{"line":12,"column":14},"end":{"line":12,"column":15}},"loc":{"start":{"line":12,"column":19},"end":{"line":12,"column":45}},"line":12},"3":{"name":"cellToDateStr","decl":{"start":{"line":17,"column":9},"end":{"line":17,"column":22}},"loc":{"start":{"line":17,"column":28},"end":{"line":30,"column":1}},"line":17},"4":{"name":"toBangkokDateStr","decl":{"start":{"line":33,"column":9},"end":{"line":33,"column":25}},"loc":{"start":{"line":33,"column":32},"end":{"line":35,"column":1}},"line":33},"5":{"name":"formatBangkok","decl":{"start":{"line":39,"column":9},"end":{"line":39,"column":22}},"loc":{"start":{"line":39,"column":34},"end":{"line":49,"column":1}},"line":39},"6":{"name":"(anonymous_6)","decl":{"start":{"line":41,"column":14},"end":{"line":41,"column":15}},"loc":{"start":{"line":41,"column":19},"end":{"line":41,"column":45}},"line":41},"7":{"name":"parseDate","decl":{"start":{"line":52,"column":9},"end":{"line":52,"column":18}},"loc":{"start":{"line":52,"column":24},"end":{"line":59,"column":1}},"line":52}},"branchMap":{"0":{"loc":{"start":{"line":18,"column":2},"end":{"line":18,"column":67}},"type":"if","locations":[{"start":{"line":18,"column":2},"end":{"line":18,"column":67}},{"start":{},"end":{}}],"line":18},"1":{"loc":{"start":{"line":18,"column":6},"end":{"line":18,"column":53}},"type":"binary-expr","locations":[{"start":{"line":18,"column":6},"end":{"line":18,"column":18}},{"start":{"line":18,"column":22},"end":{"line":18,"column":39}},{"start":{"line":18,"column":43},"end":{"line":18,"column":53}}],"line":18},"2":{"loc":{"start":{"line":19,"column":2},"end":{"line":21,"column":3}},"type":"if","locations":[{"start":{"line":19,"column":2},"end":{"line":21,"column":3}},{"start":{},"end":{}}],"line":19},"3":{"loc":{"start":{"line":24,"column":2},"end":{"line":28,"column":3}},"type":"if","locations":[{"start":{"line":24,"column":2},"end":{"line":28,"column":3}},{"start":{},"end":{}}],"line":24},"4":{"loc":{"start":{"line":26,"column":4},"end":{"line":26,"column":27}},"type":"if","locations":[{"start":{"line":26,"column":4},"end":{"line":26,"column":27}},{"start":{},"end":{}}],"line":26},"5":{"loc":{"start":{"line":53,"column":2},"end":{"line":53,"column":43}},"type":"if","locations":[{"start":{"line":53,"column":2},"end":{"line":53,"column":43}},{"start":{},"end":{}}],"line":53},"6":{"loc":{"start":{"line":55,"column":2},"end":{"line":55,"column":22}},"type":"if","locations":[{"start":{"line":55,"column":2},"end":{"line":55,"column":22}},{"start":{},"end":{}}],"line":55},"7":{"loc":{"start":{"line":57,"column":2},"end":{"line":57,"column":56}},"type":"if","locations":[{"start":{"line":57,"column":2},"end":{"line":57,"column":56}},{"start":{},"end":{}}],"line":57},"8":{"loc":{"start":{"line":57,"column":6},"end":{"line":57,"column":42}},"type":"binary-expr","locations":[{"start":{"line":57,"column":6},"end":{"line":57,"column":12}},{"start":{"line":57,"column":16},"end":{"line":57,"column":23}},{"start":{"line":57,"column":27},"end":{"line":57,"column":32}},{"start":{"line":57,"column":36},"end":{"line":57,"column":42}}],"line":57}},"s":{"0":54,"1":54,"2":17,"3":17,"4":34,"5":17,"6":54,"7":3,"8":51,"9":37,"10":14,"11":14,"12":12,"13":12,"14":8,"15":12,"16":2,"17":3,"18":2,"19":2,"20":10,"21":2,"22":9,"23":1,"24":8,"25":8,"26":3,"27":5,"28":5,"29":5,"30":2,"31":3,"32":3},"f":{"0":54,"1":17,"2":34,"3":54,"4":3,"5":2,"6":10,"7":9},"b":{"0":[3,51],"1":[54,53,52],"2":[37,14],"3":[12,2],"4":[8,4],"5":[1,8],"6":[3,5],"7":[2,3],"8":[5,4,3,3]},"_coverageSchema":"1a1c01bbd47fc00a2c39e90264f33305004495a9","hash":"07e03210bf73bab10f55eb7457228647ece426d1"}
}
