TN:
SF:lib/checkin.js
FN:12,checkDuplicate
FNF:1
FNH:1
FNDA:14,checkDuplicate
DA:2,1
DA:13,14
DA:14,17
DA:15,16
DA:16,16
DA:19,6
DA:22,8
DA:25,1
LF:8
LH:8
BRDA:14,0,0,1
BRDA:14,0,1,16
BRDA:16,1,0,6
BRDA:16,1,1,10
BRDA:16,2,0,16
BRDA:16,2,1,11
BRDA:16,2,2,8
BRF:7
BRH:7
end_of_record
TN:
SF:lib/jobs.js
FN:10,filterActiveJobs
FNF:1
FNH:1
FNDA:13,filterActiveJobs
DA:2,1
DA:11,13
DA:12,13
DA:13,16
DA:15,14
DA:16,14
DA:18,14
DA:19,12
DA:21,9
DA:32,13
DA:35,1
LF:11
LH:11
BRDA:13,0,0,2
BRDA:13,0,1,14
BRDA:15,1,0,13
BRDA:15,1,1,1
BRDA:16,2,0,13
BRDA:16,2,1,1
BRDA:18,3,0,2
BRDA:18,3,1,12
BRDA:18,4,0,14
BRDA:18,4,1,13
BRDA:19,5,0,3
BRDA:19,5,1,9
BRDA:19,6,0,12
BRDA:19,6,1,11
BRDA:27,7,0,8
BRDA:27,7,1,1
BRDA:27,8,0,7
BRDA:27,8,1,1
BRDA:28,9,0,8
BRDA:28,9,1,1
BRDA:28,10,0,7
BRDA:28,10,1,1
BRDA:29,11,0,9
BRDA:29,11,1,0
BRF:24
BRH:23
end_of_record
TN:
SF:lib/utils.js
FN:4,serialToDate
FN:10,serialToDisplayDate
FN:12,(anonymous_2)
FN:17,cellToDateStr
FN:33,toBangkokDateStr
FN:39,formatBangkok
FN:41,(anonymous_6)
FN:52,parseDate
FNF:8
FNH:8
FNDA:54,serialToDate
FNDA:17,serialToDisplayDate
FNDA:34,(anonymous_2)
FNDA:54,cellToDateStr
FNDA:3,toBangkokDateStr
FNDA:2,formatBangkok
FNDA:10,(anonymous_6)
FNDA:9,parseDate
DA:5,54
DA:6,54
DA:11,17
DA:12,34
DA:13,17
DA:18,54
DA:19,51
DA:20,37
DA:23,14
DA:24,14
DA:25,12
DA:26,12
DA:27,12
DA:29,2
DA:34,3
DA:40,2
DA:41,10
DA:42,2
DA:53,9
DA:54,8
DA:55,8
DA:56,5
DA:57,5
DA:58,3
DA:61,3
LF:25
LH:25
BRDA:18,0,0,3
BRDA:18,0,1,51
BRDA:18,1,0,54
BRDA:18,1,1,53
BRDA:18,1,2,52
BRDA:19,2,0,37
BRDA:19,2,1,14
BRDA:24,3,0,12
BRDA:24,3,1,2
BRDA:26,4,0,8
BRDA:26,4,1,4
BRDA:53,5,0,1
BRDA:53,5,1,8
BRDA:55,6,0,3
BRDA:55,6,1,5
BRDA:57,7,0,2
BRDA:57,7,1,3
BRDA:57,8,0,5
BRDA:57,8,1,4
BRDA:57,8,2,3
BRDA:57,8,3,3
BRF:21
BRH:21
end_of_record
